<?xml version="1.0" encoding="UTF-8"?>
<testng-results ignored="0" total="2" passed="2" failed="0" skipped="0">
  <reporter-output>
  </reporter-output>
  <suite started-at="2022-07-07T12:46:09 IST" name="All Test Suite" finished-at="2022-07-07T12:46:21 IST" duration-ms="12368">
    <groups>
    </groups>
    <test started-at="2022-07-07T12:46:09 IST" name="/home/knoldus/Documents/Github-Action/src/test/java/testcase/Test.java" finished-at="2022-07-07T12:46:21 IST" duration-ms="12368">
      <class name="testcase.Test">
        <test-method is-config="true" signature="setUp()[pri:0, instance:testcase.Test@5906ebcb]" started-at="2022-07-07T12:46:09 IST" name="setUp" finished-at="2022-07-07T12:46:12 IST" duration-ms="3558" status="PASS">
          <reporter-output>
          </reporter-output>
        </test-method> <!-- setUp -->
        <test-method signature="loginTest1()[pri:0, instance:testcase.Test@5906ebcb]" started-at="2022-07-07T12:46:12 IST" name="loginTest1" finished-at="2022-07-07T12:46:17 IST" duration-ms="4481" status="PASS">
          <reporter-output>
          </reporter-output>
        </test-method> <!-- loginTest1 -->
        <test-method signature="loginTest2()[pri:0, instance:testcase.Test@5906ebcb]" started-at="2022-07-07T12:46:17 IST" name="loginTest2" finished-at="2022-07-07T12:46:21 IST" duration-ms="4225" status="PASS">
          <reporter-output>
          </reporter-output>
        </test-method> <!-- loginTest2 -->
        <test-method is-config="true" signature="tearDown()[pri:0, instance:testcase.Test@5906ebcb]" started-at="2022-07-07T12:46:21 IST" name="tearDown" finished-at="2022-07-07T12:46:21 IST" duration-ms="79" status="PASS">
          <reporter-output>
          </reporter-output>
        </test-method> <!-- tearDown -->
      </class> <!-- testcase.Test -->
    </test> <!-- /home/knoldus/Documents/Github-Action/src/test/java/testcase/Test.java -->
  </suite> <!-- All Test Suite -->
</testng-results>
