<?xml version="1.0" encoding="UTF-8"?>
<!-- Generated by org.testng.reporters.JUnitXMLReporter -->
<testsuite ignored="0" hostname="knoldus-Latitude-3510" failures="0" tests="2" name="/home/knoldus/Documents/Github-Action/src/test/java/testcase/Test.java" time="12.368" errors="0" timestamp="2022-07-07T12:46:21 IST">
  <testcase classname="testcase.Test" name="loginTest1" time="4.481"/>
  <testcase classname="testcase.Test" name="loginTest2" time="4.225"/>
</testsuite> <!-- /home/knoldus/Documents/Github-Action/src/test/java/testcase/Test.java -->
